<?xml version="1.0" encoding="UTF-8"?>
<!-- Generated by org.testng.reporters.JUnitXMLReporter -->
<testsuite hostname="DESKTOP-6D3FG3E" ignored="0" name="Test" tests="6" failures="0" timestamp="2021-04-22T09:42:59 CEST" time="17.243" errors="0">
  <testcase name="launchURL" time="5.409" classname="com.check.qa.testcases.CheckTFMainTest"/>
  <testcase name="verifyCookieDetails" time="0.189" classname="com.check.qa.testcases.CheckTFMainTest"/>
  <testcase name="clickFirstProductEnterAndEnterEmail" time="3.187" classname="com.check.qa.testcases.CheckTFMainTest"/>
  <testcase name="clickGuestAsLink" time="0.413" classname="com.check.qa.testcases.CheckTFMainTest"/>
  <testcase name="verifyErrMsgsForForm" time="1.537" classname="com.check.qa.testcases.CheckTFMainTest"/>
  <testcase name="insertDatainForm" time="3.355" classname="com.check.qa.testcases.CheckTFMainTest"/>
</testsuite> <!-- Test -->
