<?xml version="1.0" encoding="UTF-8"?>
<!-- Generated by org.testng.reporters.JUnitXMLReporter -->
<testsuite hostname="DESKTOP-6D3FG3E" ignored="0" name="Test" tests="6" failures="0" timestamp="2021-04-22T12:43:43 CEST" time="25.474" errors="0">
  <testcase name="launchURL" time="7.506" classname="com.check.qa.testcases.CheckTFMainTest"/>
  <testcase name="verifyCookieDetails" time="0.161" classname="com.check.qa.testcases.CheckTFMainTest"/>
  <testcase name="clickFirstProductAndEnterEmail" time="5.598" classname="com.check.qa.testcases.CheckTFMainTest"/>
  <testcase name="clickGuestAsLink" time="0.745" classname="com.check.qa.testcases.CheckTFMainTest"/>
  <testcase name="verifyErrMsgsForForm" time="2.227" classname="com.check.qa.testcases.CheckTFMainTest"/>
  <testcase name="insertDatainForm" time="4.484" classname="com.check.qa.testcases.CheckTFMainTest"/>
</testsuite> <!-- Test -->
