<?xml version="1.0" encoding="UTF-8"?>
<testng-results skipped="0" failed="0" ignored="0" total="6" passed="6">
  <reporter-output>
  </reporter-output>
  <suite name="Suite" duration-ms="25474" started-at="2021-04-22T12:43:17 CEST" finished-at="2021-04-22T12:43:43 CEST">
    <groups>
    </groups>
    <test name="Test" duration-ms="25474" started-at="2021-04-22T12:43:17 CEST" finished-at="2021-04-22T12:43:43 CEST">
      <class name="com.check.qa.testcases.CheckTFMainTest">
        <test-method status="PASS" signature="basicSetUp()[pri:0, instance:com.check.qa.testcases.CheckTFMainTest@305fd85d]" name="basicSetUp" is-config="true" duration-ms="2024" started-at="2021-04-22T12:43:17 CEST" finished-at="2021-04-22T12:43:19 CEST">
          <reporter-output>
          </reporter-output>
        </test-method> <!-- basicSetUp -->
        <test-method status="PASS" signature="launchURL()[pri:1, instance:com.check.qa.testcases.CheckTFMainTest@305fd85d]" name="launchURL" duration-ms="7506" started-at="2021-04-22T12:43:19 CEST" finished-at="2021-04-22T12:43:27 CEST">
          <reporter-output>
          </reporter-output>
        </test-method> <!-- launchURL -->
        <test-method status="PASS" signature="verifyCookieDetails(java.lang.String)[pri:2, instance:com.check.qa.testcases.CheckTFMainTest@305fd85d]" name="verifyCookieDetails" duration-ms="161" started-at="2021-04-22T12:43:27 CEST" finished-at="2021-04-22T12:43:27 CEST">
          <params>
            <param index="0">
              <value>
                <![CDATA[kreditkarte]]>
              </value>
            </param>
          </params>
          <reporter-output>
          </reporter-output>
        </test-method> <!-- verifyCookieDetails -->
        <test-method status="PASS" signature="clickFirstProductAndEnterEmail(java.lang.String)[pri:3, instance:com.check.qa.testcases.CheckTFMainTest@305fd85d]" name="clickFirstProductAndEnterEmail" duration-ms="5598" started-at="2021-04-22T12:43:27 CEST" finished-at="2021-04-22T12:43:33 CEST">
          <params>
            <param index="0">
              <value>
                <![CDATA[test12@gmail.com]]>
              </value>
            </param>
          </params>
          <reporter-output>
          </reporter-output>
        </test-method> <!-- clickFirstProductAndEnterEmail -->
        <test-method status="PASS" signature="clickGuestAsLink()[pri:4, instance:com.check.qa.testcases.CheckTFMainTest@305fd85d]" name="clickGuestAsLink" duration-ms="745" started-at="2021-04-22T12:43:33 CEST" finished-at="2021-04-22T12:43:33 CEST">
          <reporter-output>
          </reporter-output>
        </test-method> <!-- clickGuestAsLink -->
        <test-method status="PASS" signature="verifyErrMsgsForForm()[pri:5, instance:com.check.qa.testcases.CheckTFMainTest@305fd85d]" name="verifyErrMsgsForForm" duration-ms="2227" started-at="2021-04-22T12:43:33 CEST" finished-at="2021-04-22T12:43:36 CEST">
          <reporter-output>
          </reporter-output>
        </test-method> <!-- verifyErrMsgsForForm -->
        <test-method status="PASS" signature="insertDatainForm(java.lang.String, java.lang.String, java.lang.String, java.lang.String, java.lang.String, java.lang.String, java.lang.String, java.lang.String, java.lang.String, java.lang.String, java.lang.String, java.lang.String)[pri:6, instance:com.check.qa.testcases.CheckTFMainTest@305fd85d]" name="insertDatainForm" duration-ms="4484" started-at="2021-04-22T12:43:37 CEST" data-provider="passSheet" finished-at="2021-04-22T12:43:41 CEST">
          <params>
            <param index="0">
              <value>
                <![CDATA[2015]]>
              </value>
            </param>
            <param index="1">
              <value>
                <![CDATA[fn]]>
              </value>
            </param>
            <param index="2">
              <value>
                <![CDATA[ls]]>
              </value>
            </param>
            <param index="3">
              <value>
                <![CDATA[01.08.1989]]>
              </value>
            </param>
            <param index="4">
              <value>
                <![CDATA[Sydney]]>
              </value>
            </param>
            <param index="5">
              <value>
                <![CDATA[ledig]]>
              </value>
            </param>
            <param index="6">
              <value>
                <![CDATA[Deutschland]]>
              </value>
            </param>
            <param index="7">
              <value>
                <![CDATA[81375.0]]>
              </value>
            </param>
            <param index="8">
              <value>
                <![CDATA[Gräfelfinger Str.]]>
              </value>
            </param>
            <param index="9">
              <value>
                <![CDATA[8]]>
              </value>
            </param>
            <param index="10">
              <value>
                <![CDATA[Eigenheim]]>
              </value>
            </param>
            <param index="11">
              <value>
                <![CDATA[4915205738278]]>
              </value>
            </param>
          </params>
          <reporter-output>
          </reporter-output>
        </test-method> <!-- insertDatainForm -->
        <test-method status="PASS" signature="closeBrowser()[pri:0, instance:com.check.qa.testcases.CheckTFMainTest@305fd85d]" name="closeBrowser" is-config="true" duration-ms="1174" started-at="2021-04-22T12:43:41 CEST" finished-at="2021-04-22T12:43:43 CEST">
          <reporter-output>
          </reporter-output>
        </test-method> <!-- closeBrowser -->
      </class> <!-- com.check.qa.testcases.CheckTFMainTest -->
    </test> <!-- Test -->
  </suite> <!-- Suite -->
</testng-results>
